<?xml version="1.0" encoding="UTF-8"?>
<testsuite name="MessageValidator" tests="4" skipped="0" failures="0" errors="0" timestamp="2018-08-22T14:41:44" hostname="thomas-skytala" time="0.007">
  <properties/>
  <testcase name="emptyString_notValid" classname="MessageValidator" time="0.006"/>
  <testcase name="randomString_valid" classname="MessageValidator" time="0.0"/>
  <testcase name="null_notValid" classname="MessageValidator" time="0.0"/>
  <testcase name="containsOnlySpaces_notValid" classname="MessageValidator" time="0.001"/>
  <system-out><![CDATA[]]></system-out>
  <system-err><![CDATA[]]></system-err>
</testsuite>
