<?xml version="1.0" encoding="UTF-8"?>
<testsuite name="io.deniffel.bot.StartupTests" tests="1" skipped="0" failures="0" errors="0" timestamp="2018-08-17T19:21:51" hostname="thomas-skytala" time="0.264">
  <properties/>
  <testcase name="applicationStartswithin5Seconds" classname="io.deniffel.bot.StartupTests" time="0.264"/>
  <system-out><![CDATA[+--------+
| SkyBot | Created by Thomas Deniffel
+--------+
2018-08-17 21:21:51.987  INFO 23068 --- [       Thread-7] io.deniffel.bot.BotApplication           : Starting BotApplication on thomas-skytala with PID 23068 (/home/thomas/Projects/bot/bot/build/classes/java/main started by thomas in /home/thomas/Projects/bot/bot)
2018-08-17 21:21:51.988  INFO 23068 --- [       Thread-7] io.deniffel.bot.BotApplication           : No active profile set, falling back to default profiles: default
2018-08-17 21:21:51.991  INFO 23068 --- [       Thread-7] s.c.a.AnnotationConfigApplicationContext : Refreshing org.springframework.context.annotation.AnnotationConfigApplicationContext@7473261c: startup date [Fri Aug 17 21:21:51 CEST 2018]; root of context hierarchy
2018-08-17 21:21:52.221  INFO 23068 --- [       Thread-7] o.s.j.e.a.AnnotationMBeanExporter        : Registering beans for JMX exposure on startup
2018-08-17 21:21:52.228  INFO 23068 --- [       Thread-7] io.deniffel.bot.BotApplication           : Started BotApplication in 0.26 seconds (JVM running for 3.345)
]]></system-out>
  <system-err><![CDATA[]]></system-err>
</testsuite>
