<?xml version="1.0" encoding="UTF-8"?>
<testsuite name="io.deniffel.bot.RunCukesTest" tests="0" skipped="0" failures="0" errors="0" timestamp="1970-01-01T00:00:00" hostname="thomas-skytala" time="0.0">
  <properties/>
  <system-out><![CDATA[No features found at [classpath:io/deniffel/bot]

0 Scenarios
0 Steps
0m0.001s

]]></system-out>
  <system-err><![CDATA[]]></system-err>
</testsuite>
