<?xml version="1.0" encoding="UTF-8"?>
<testsuite name="io.deniffel.bot.console.StartupTests" tests="2" skipped="0" failures="0" errors="0" timestamp="2018-08-17T21:29:45" hostname="thomas-skytala" time="0.006">
  <properties/>
  <testcase name="canInstanciateConsoleApp" classname="io.deniffel.bot.console.StartupTests" time="0.004"/>
  <testcase name="applicationStartswithin5Seconds" classname="io.deniffel.bot.console.StartupTests" time="0.002"/>
  <system-out><![CDATA[]]></system-out>
  <system-err><![CDATA[]]></system-err>
</testsuite>
