<?xml version="1.0" encoding="UTF-8"?>
<testsuite name="io.deniffel.bot.console.StartupTests" tests="2" skipped="0" failures="0" errors="0" timestamp="2018-08-21T05:52:29" hostname="thomas-skytala" time="0.652">
  <properties/>
  <testcase name="canInstanciateConsoleApp" classname="io.deniffel.bot.console.StartupTests" time="0.652"/>
  <testcase name="applicationStartswithin5Seconds" classname="io.deniffel.bot.console.StartupTests" time="0.0"/>
  <system-out><![CDATA[consoleApp/plugins
]]></system-out>
  <system-err><![CDATA[]]></system-err>
</testsuite>
