<?xml version="1.0" encoding="UTF-8"?>
<testsuite name="io.deniffel.bot.chat.StartupTests" tests="2" skipped="0" failures="0" errors="0" timestamp="2018-08-23T18:59:51" hostname="thomas-skytala" time="0.766">
  <properties/>
  <testcase name="canInstanciateConsoleApp" classname="io.deniffel.bot.chat.StartupTests" time="0.766"/>
  <testcase name="applicationStartswithin5Seconds" classname="io.deniffel.bot.chat.StartupTests" time="0.0"/>
  <system-out><![CDATA[chat/plugins
]]></system-out>
  <system-err><![CDATA[]]></system-err>
</testsuite>
