<?xml version="1.0" encoding="UTF-8"?>
<testsuite name="io.deniffel.bot.console.ComposedBotAddingTest" tests="6" skipped="0" failures="0" errors="0" timestamp="2018-08-22T14:50:14" hostname="thomas-skytala" time="0.01">
  <properties/>
  <testcase name="updatedBotAdded_botInCollectionGetsUpdated" classname="io.deniffel.bot.console.ComposedBotAddingTest" time="0.005"/>
  <testcase name="noBotRegistered_answerIsNotPresent" classname="io.deniffel.bot.console.ComposedBotAddingTest" time="0.002"/>
  <testcase name="registeringFirstBots_increasesRegisteredBots" classname="io.deniffel.bot.console.ComposedBotAddingTest" time="0.001"/>
  <testcase name="botHasCustomEqualsAddedTwice_onyOneAdded" classname="io.deniffel.bot.console.ComposedBotAddingTest" time="0.0"/>
  <testcase name="addSameBotTwice_onlyOneIsAdded" classname="io.deniffel.bot.console.ComposedBotAddingTest" time="0.0"/>
  <testcase name="addDifferentBotsTwice_bothAdded" classname="io.deniffel.bot.console.ComposedBotAddingTest" time="0.0"/>
  <system-out><![CDATA[]]></system-out>
  <system-err><![CDATA[]]></system-err>
</testsuite>
