<?xml version="1.0" encoding="UTF-8"?>
<testsuite name="io.deniffel.bot.console.ComposedBotMatchers" tests="2" skipped="0" failures="0" errors="0" timestamp="2018-08-22T14:50:14" hostname="thomas-skytala" time="0.005">
  <properties/>
  <testcase name="addingBotWithMatchers_matchersAreAddedToComposedBotMatchers" classname="io.deniffel.bot.console.ComposedBotMatchers" time="0.004"/>
  <testcase name="init_matchersEmpty" classname="io.deniffel.bot.console.ComposedBotMatchers" time="0.001"/>
  <system-out><![CDATA[]]></system-out>
  <system-err><![CDATA[]]></system-err>
</testsuite>
