<?xml version="1.0" encoding="UTF-8"?>
<testsuite name="io.deniffel.bot.network.MasterTest" tests="1" skipped="0" failures="0" errors="0" timestamp="2018-08-23T18:59:54" hostname="thomas-skytala" time="0.005">
  <properties/>
  <testcase name="nothing" classname="io.deniffel.bot.network.MasterTest" time="0.005"/>
  <system-out><![CDATA[]]></system-out>
  <system-err><![CDATA[]]></system-err>
</testsuite>
