<?xml version="1.0" encoding="UTF-8"?>
<testsuite name="io.deniffel.bot.BotApplicationTests" tests="1" skipped="0" failures="0" errors="0" timestamp="2018-08-17T20:29:59" hostname="thomas-skytala" time="0.135">
  <properties/>
  <testcase name="contextLoads" classname="io.deniffel.bot.BotApplicationTests" time="0.135"/>
  <system-out><![CDATA[22:29:57.897 [Test worker] DEBUG org.springframework.test.context.junit4.SpringJUnit4ClassRunner - SpringJUnit4ClassRunner constructor called with [class io.deniffel.bot.BotApplicationTests]
22:29:57.916 [Test worker] DEBUG org.springframework.test.context.BootstrapUtils - Instantiating CacheAwareContextLoaderDelegate from class [org.springframework.test.context.cache.DefaultCacheAwareContextLoaderDelegate]
22:29:57.936 [Test worker] DEBUG org.springframework.test.context.BootstrapUtils - Instantiating BootstrapContext using constructor [public org.springframework.test.context.support.DefaultBootstrapContext(java.lang.Class,org.springframework.test.context.CacheAwareContextLoaderDelegate)]
22:29:57.978 [Test worker] DEBUG org.springframework.test.context.BootstrapUtils - Instantiating TestContextBootstrapper for test class [io.deniffel.bot.BotApplicationTests] from class [org.springframework.boot.test.context.SpringBootTestContextBootstrapper]
22:29:58.001 [Test worker] INFO org.springframework.boot.test.context.SpringBootTestContextBootstrapper - Neither @ContextConfiguration nor @ContextHierarchy found for test class [io.deniffel.bot.BotApplicationTests], using SpringBootContextLoader
22:29:58.008 [Test worker] DEBUG org.springframework.test.context.support.AbstractContextLoader - Did not detect default resource location for test class [io.deniffel.bot.BotApplicationTests]: class path resource [io/deniffel/bot/BotApplicationTests-context.xml] does not exist
22:29:58.008 [Test worker] DEBUG org.springframework.test.context.support.AbstractContextLoader - Did not detect default resource location for test class [io.deniffel.bot.BotApplicationTests]: class path resource [io/deniffel/bot/BotApplicationTestsContext.groovy] does not exist
22:29:58.009 [Test worker] INFO org.springframework.test.context.support.AbstractContextLoader - Could not detect default resource locations for test class [io.deniffel.bot.BotApplicationTests]: no resource found for suffixes {-context.xml, Context.groovy}.
22:29:58.011 [Test worker] INFO org.springframework.test.context.support.AnnotationConfigContextLoaderUtils - Could not detect default configuration classes for test class [io.deniffel.bot.BotApplicationTests]: BotApplicationTests does not declare any static, non-private, non-final, nested classes annotated with @Configuration.
22:29:58.108 [Test worker] DEBUG org.springframework.test.context.support.ActiveProfilesUtils - Could not find an 'annotation declaring class' for annotation type [org.springframework.test.context.ActiveProfiles] and class [io.deniffel.bot.BotApplicationTests]
22:29:58.125 [Test worker] DEBUG org.springframework.core.env.StandardEnvironment - Adding PropertySource 'systemProperties' with lowest search precedence
22:29:58.126 [Test worker] DEBUG org.springframework.core.env.StandardEnvironment - Adding PropertySource 'systemEnvironment' with lowest search precedence
22:29:58.127 [Test worker] DEBUG org.springframework.core.env.StandardEnvironment - Initialized StandardEnvironment with PropertySources [MapPropertySource@1490831898 {name='systemProperties', properties={java.runtime.name=OpenJDK Runtime Environment, sun.boot.library.path=/usr/lib/jvm/java-8-openjdk-amd64/jre/lib/amd64, java.vm.version=25.171-b11, java.vm.vendor=Oracle Corporation, java.vendor.url=http://java.oracle.com/, path.separator=:, java.vm.name=OpenJDK 64-Bit Server VM, file.encoding.pkg=sun.io, sun.java.launcher=SUN_STANDARD, user.country=US, sun.os.patch.level=unknown, java.vm.specification.name=Java Virtual Machine Specification, user.dir=/home/thomas/Projects/bot/skyBot, java.runtime.version=1.8.0_171-8u171-b11-0ubuntu0.18.04.1-b11, java.awt.graphicsenv=sun.awt.X11GraphicsEnvironment, java.endorsed.dirs=/usr/lib/jvm/java-8-openjdk-amd64/jre/lib/endorsed, os.arch=amd64, java.io.tmpdir=/tmp, line.separator=
, java.vm.specification.vendor=Oracle Corporation, user.variant=, os.name=Linux, sun.jnu.encoding=UTF-8, java.library.path=/usr/java/packages/lib/amd64:/usr/lib/x86_64-linux-gnu/jni:/lib/x86_64-linux-gnu:/usr/lib/x86_64-linux-gnu:/usr/lib/jni:/lib:/usr/lib, java.specification.name=Java Platform API Specification, java.class.version=52.0, org.gradle.native=false, sun.management.compiler=HotSpot 64-Bit Tiered Compilers, os.version=4.15.0-30-generic, user.home=/home/thomas, user.timezone=Europe/Berlin, java.awt.printerjob=sun.print.PSPrinterJob, file.encoding=UTF-8, java.specification.version=1.8, java.class.path=/home/thomas/Projects/bot/skyBot/build/classes/java/test:/home/thomas/Projects/bot/skyBot/build/resources/test:/home/thomas/Projects/bot/skyBot/build/classes/java/main:/home/thomas/Projects/bot/skyBot/build/resources/main:/home/thomas/.gradle/caches/modules-2/files-2.1/org.springframework.boot/spring-boot-starter-test/2.0.4.RELEASE/8f473705d2742b669f0318f10a956f94a93ba3d2/spring-boot-starter-test-2.0.4.RELEASE.jar:/home/thomas/.gradle/caches/modules-2/files-2.1/org.springframework.boot/spring-boot-starter/2.0.4.RELEASE/ec46c63a2adeee40058eff1a6baefca13975dc94/spring-boot-starter-2.0.4.RELEASE.jar:/home/thomas/Projects/bot/bot/build/libs/bot-1.0.jar:/home/thomas/.gradle/caches/modules-2/files-2.1/io.cucumber/cucumber-junit/3.0.2/bc0bf60bedc0680185aa80b024666986895181ac/cucumber-junit-3.0.2.jar:/home/thomas/.gradle/caches/modules-2/files-2.1/junit/junit/4.12/2973d150c0dc1fefe998f834810d68f278ea58ec/junit-4.12.jar:/home/thomas/.gradle/caches/modules-2/files-2.1/io.cucumber/cucumber-java/3.0.2/6b1790c541528f8b3a47cb7f87aa8125c3139ef0/cucumber-java-3.0.2.jar:/home/thomas/.gradle/caches/modules-2/files-2.1/org.springframework.boot/spring-boot-test-autoconfigure/2.0.4.RELEASE/8a2e3f31e607fdb08deda2f59263ce177f1c4310/spring-boot-test-autoconfigure-2.0.4.RELEASE.jar:/home/thomas/.gradle/caches/modules-2/files-2.1/org.springframework.boot/spring-boot-autoconfigure/2.0.4.RELEASE/65cd1244d606acc02ab7bfc47a203a3fe2400dda/spring-boot-autoconfigure-2.0.4.RELEASE.jar:/home/thomas/.gradle/caches/modules-2/files-2.1/org.springframework.boot/spring-boot-test/2.0.4.RELEASE/8a17fc3cf16b6d75f2ba132ade04409a670095de/spring-boot-test-2.0.4.RELEASE.jar:/home/thomas/.gradle/caches/modules-2/files-2.1/org.springframework.boot/spring-boot/2.0.4.RELEASE/c8619c5b06d4dcdb4cac1e5e9c839e6e8b1c8574/spring-boot-2.0.4.RELEASE.jar:/home/thomas/.gradle/caches/modules-2/files-2.1/org.springframework.boot/spring-boot-starter-logging/2.0.4.RELEASE/dcd1a2c431c970f44adae64d9145133979a513ab/spring-boot-starter-logging-2.0.4.RELEASE.jar:/home/thomas/.gradle/caches/modules-2/files-2.1/javax.annotation/javax.annotation-api/1.3.2/934c04d3cfef185a8008e7bf34331b79730a9d43/javax.annotation-api-1.3.2.jar:/home/thomas/.gradle/caches/modules-2/files-2.1/org.springframework/spring-test/5.0.8.RELEASE/5782619373bd7e7b7d9106203c317b04bb613ebb/spring-test-5.0.8.RELEASE.jar:/home/thomas/.gradle/caches/modules-2/files-2.1/org.springframework/spring-context/5.0.8.RELEASE/3a067d8990761111c9b6d1d895640be26cc1fb38/spring-context-5.0.8.RELEASE.jar:/home/thomas/.gradle/caches/modules-2/files-2.1/org.springframework/spring-aop/5.0.8.RELEASE/f5086c1a3185c481104511837427b39a07a57aa2/spring-aop-5.0.8.RELEASE.jar:/home/thomas/.gradle/caches/modules-2/files-2.1/org.springframework/spring-beans/5.0.8.RELEASE/5fc965d3e7f5515099244857a8ae9e2a208c169b/spring-beans-5.0.8.RELEASE.jar:/home/thomas/.gradle/caches/modules-2/files-2.1/org.springframework/spring-expression/5.0.8.RELEASE/f23158f22c917df2cddf2ecebc398a9e95f95fae/spring-expression-5.0.8.RELEASE.jar:/home/thomas/.gradle/caches/modules-2/files-2.1/org.springframework/spring-core/5.0.8.RELEASE/dc39c49e3246cdf73d3786ac41119140aed3fa08/spring-core-5.0.8.RELEASE.jar:/home/thomas/.gradle/caches/modules-2/files-2.1/org.yaml/snakeyaml/1.19/2d998d3d674b172a588e54ab619854d073f555b5/snakeyaml-1.19.jar:/home/thomas/.gradle/caches/modules-2/files-2.1/org.hamcrest/hamcrest-library/1.3/4785a3c21320980282f9f33d0d1264a69040538f/hamcrest-library-1.3.jar:/home/thomas/.gradle/caches/modules-2/files-2.1/org.hamcrest/hamcrest-core/1.3/42a25dc3219429f0e5d060061f71acb49bf010a0/hamcrest-core-1.3.jar:/home/thomas/.gradle/caches/modules-2/files-2.1/com.jayway.jsonpath/json-path/2.4.0/765a4401ceb2dc8d40553c2075eb80a8fa35c2ae/json-path-2.4.0.jar:/home/thomas/.gradle/caches/modules-2/files-2.1/org.assertj/assertj-core/3.9.1/c5ce126b15f28d56cd8f960c1a6a058b9c9aea87/assertj-core-3.9.1.jar:/home/thomas/.gradle/caches/modules-2/files-2.1/org.mockito/mockito-core/2.15.0/b84bfbbc29cd22c9529409627af6ea2897f4fa85/mockito-core-2.15.0.jar:/home/thomas/.gradle/caches/modules-2/files-2.1/org.skyscreamer/jsonassert/1.5.0/6c9d5fe2f59da598d9aefc1cfc6528ff3cf32df3/jsonassert-1.5.0.jar:/home/thomas/.gradle/caches/modules-2/files-2.1/org.xmlunit/xmlunit-core/2.5.1/4ffdb346572a7356f7521cd3119ce5287d2e339d/xmlunit-core-2.5.1.jar:/home/thomas/.gradle/caches/modules-2/files-2.1/io.cucumber/cucumber-core/3.0.2/e0135107f8001967938a12feff37636cb2ca18d8/cucumber-core-3.0.2.jar:/home/thomas/.gradle/caches/modules-2/files-2.1/ch.qos.logback/logback-classic/1.2.3/7c4f3c474fb2c041d8028740440937705ebb473a/logback-classic-1.2.3.jar:/home/thomas/.gradle/caches/modules-2/files-2.1/org.apache.logging.log4j/log4j-to-slf4j/2.10.0/f7e631ccf49cfc0aefa4a2a728da7d374c05bd3c/log4j-to-slf4j-2.10.0.jar:/home/thomas/.gradle/caches/modules-2/files-2.1/org.slf4j/jul-to-slf4j/1.7.25/af5364cd6679bfffb114f0dec8a157aaa283b76/jul-to-slf4j-1.7.25.jar:/home/thomas/.gradle/caches/modules-2/files-2.1/org.springframework/spring-jcl/5.0.8.RELEASE/a1fa8fb560fb252321776e16bc9ac8201af4ef5e/spring-jcl-5.0.8.RELEASE.jar:/home/thomas/.gradle/caches/modules-2/files-2.1/net.minidev/json-smart/2.3/7396407491352ce4fa30de92efb158adb76b5b/json-smart-2.3.jar:/home/thomas/.gradle/caches/modules-2/files-2.1/org.slf4j/slf4j-api/1.7.25/da76ca59f6a57ee3102f8f9bd9cee742973efa8a/slf4j-api-1.7.25.jar:/home/thomas/.gradle/caches/modules-2/files-2.1/net.bytebuddy/byte-buddy/1.7.11/f02857a4e2c66ccbe7aaad6100a0a6c461bce9b3/byte-buddy-1.7.11.jar:/home/thomas/.gradle/caches/modules-2/files-2.1/net.bytebuddy/byte-buddy-agent/1.7.11/b425a8933ca07edd03c6dbc8bc3b595fba9780de/byte-buddy-agent-1.7.11.jar:/home/thomas/.gradle/caches/modules-2/files-2.1/org.objenesis/objenesis/2.6/639033469776fd37c08358c6b92a4761feb2af4b/objenesis-2.6.jar:/home/thomas/.gradle/caches/modules-2/files-2.1/com.vaadin.external.google/android-json/0.0.20131108.vaadin1/fa26d351fe62a6a17f5cda1287c1c6110dec413f/android-json-0.0.20131108.vaadin1.jar:/home/thomas/.gradle/caches/modules-2/files-2.1/io.cucumber/cucumber-html/0.2.7/5fece7636c0fb0587d8a032a15f96e1ecbe969c0/cucumber-html-0.2.7.jar:/home/thomas/.gradle/caches/modules-2/files-2.1/io.cucumber/gherkin/5.0.0/a05c7dd957349d6ce3908771aa5414cb15777eb7/gherkin-5.0.0.jar:/home/thomas/.gradle/caches/modules-2/files-2.1/io.cucumber/tag-expressions/1.1.1/a5cfcf43577aae5d314af5438459c2af659a1245/tag-expressions-1.1.1.jar:/home/thomas/.gradle/caches/modules-2/files-2.1/io.cucumber/cucumber-expressions/5.0.19/1de4713e86d913f716f1634016eabb06cf3d46fe/cucumber-expressions-5.0.19.jar:/home/thomas/.gradle/caches/modules-2/files-2.1/io.cucumber/datatable/1.0.3/ee455354f436561a9562d6eb882d014beb9fe542/datatable-1.0.3.jar:/home/thomas/.gradle/caches/modules-2/files-2.1/ch.qos.logback/logback-core/1.2.3/864344400c3d4d92dfeb0a305dc87d953677c03c/logback-core-1.2.3.jar:/home/thomas/.gradle/caches/modules-2/files-2.1/org.apache.logging.log4j/log4j-api/2.10.0/fec5797a55b786184a537abd39c3fa1449d752d6/log4j-api-2.10.0.jar:/home/thomas/.gradle/caches/modules-2/files-2.1/net.minidev/accessors-smart/1.2/c592b500269bfde36096641b01238a8350f8aa31/accessors-smart-1.2.jar:/home/thomas/.gradle/caches/modules-2/files-2.1/io.cucumber/datatable-dependencies/1.0.3/d57501b70c5dd708a1317291cec73caedbb30267/datatable-dependencies-1.0.3.jar:/home/thomas/.gradle/caches/modules-2/files-2.1/org.ow2.asm/asm/5.0.4/da08b8cce7bbf903602a25a3a163ae252435795/asm-5.0.4.jar, user.name=thomas, java.vm.specification.version=1.8, sun.java.command=worker.org.gradle.process.internal.worker.GradleWorkerMain 'Gradle Test Executor 24', java.home=/usr/lib/jvm/java-8-openjdk-amd64/jre, sun.arch.data.model=64, user.language=en, java.specification.vendor=Oracle Corporation, awt.toolkit=sun.awt.X11.XToolkit, java.vm.info=mixed mode, java.version=1.8.0_171, java.ext.dirs=/usr/lib/jvm/java-8-openjdk-amd64/jre/lib/ext:/usr/java/packages/lib/ext, sun.boot.class.path=/usr/lib/jvm/java-8-openjdk-amd64/jre/lib/resources.jar:/usr/lib/jvm/java-8-openjdk-amd64/jre/lib/rt.jar:/usr/lib/jvm/java-8-openjdk-amd64/jre/lib/sunrsasign.jar:/usr/lib/jvm/java-8-openjdk-amd64/jre/lib/jsse.jar:/usr/lib/jvm/java-8-openjdk-amd64/jre/lib/jce.jar:/usr/lib/jvm/java-8-openjdk-amd64/jre/lib/charsets.jar:/usr/lib/jvm/java-8-openjdk-amd64/jre/lib/jfr.jar:/usr/lib/jvm/java-8-openjdk-amd64/jre/classes, java.vendor=Oracle Corporation, org.gradle.test.worker=24, file.separator=/, java.vendor.url.bug=http://bugreport.sun.com/bugreport/, sun.io.unicode.encoding=UnicodeLittle, sun.cpu.endian=little, sun.desktop=gnome, sun.cpu.isalist=}}, SystemEnvironmentPropertySource@1140764753 {name='systemEnvironment', properties={PATH=/home/thomas/bin:/usr/local/sbin:/usr/local/bin:/usr/sbin:/usr/bin:/sbin:/bin:/usr/games:/usr/local/games:/snap/bin:/usr/local/go/bin, LC_MEASUREMENT=de_DE.UTF-8, XAUTHORITY=/home/thomas/.Xauthority, INVOCATION_ID=3e9d1ea3f4e64941ad5dfca3c1b11f89, LC_TELEPHONE=de_DE.UTF-8, XMODIFIERS=@im=ibus, XDG_DATA_DIRS=/usr/share/unity:/usr/local/share:/usr/share:/var/lib/snapd/desktop, MANDATORY_PATH=/usr/share/gconf/unity.mandatory.path, GDMSESSION=unity, LC_TIME=de_DE.UTF-8, PAPERSIZE=a4, TEXTDOMAINDIR=/usr/share/locale/, GTK_IM_MODULE=ibus, DBUS_SESSION_BUS_ADDRESS=unix:path=/run/user/1000/bus, DEFAULTS_PATH=/usr/share/gconf/unity.default.path, XDG_CURRENT_DESKTOP=Unity:Unity7:ubuntu, JOURNAL_STREAM=9:44656, QT4_IM_MODULE=xim, LC_PAPER=de_DE.UTF-8, SESSION_MANAGER=local/thomas-skytala:@/tmp/.ICE-unix/3671,unix/thomas-skytala:/tmp/.ICE-unix/3671, LOGNAME=thomas, PWD=/home/thomas, MANAGERPID=3372, IM_CONFIG_PHASE=2, S_COLORS=auto, LANGUAGE=en_US:en, SHELL=/bin/bash, LC_ADDRESS=de_DE.UTF-8, UNITY_HAS_3D_SUPPORT=true, GIO_LAUNCHED_DESKTOP_FILE=/home/thomas/.local/share/applications/jetbrains-idea.desktop, GTK2_MODULES=overlay-scrollbar, OLDPWD=/home/thomas/bin/idea/idea-IU-173.4301.25/bin, GNOME_DESKTOP_SESSION_ID=this-is-deprecated, GTK_MODULES=gail:atk-bridge:unity-gtk-module, CLUTTER_IM_MODULE=xim, XDG_SESSION_PATH=/org/freedesktop/DisplayManager/Session0, TEXTDOMAIN=im-config, COMPIZ_BIN_PATH=/usr/bin/, XDG_SESSION_DESKTOP=unity, SSH_AGENT_LAUNCHER=gnome-keyring, SHLVL=1, LC_IDENTIFICATION=de_DE.UTF-8, LC_MONETARY=de_DE.UTF-8, COMPIZ_CONFIG_PROFILE=ubuntu, QT_IM_MODULE=ibus, XDG_CONFIG_DIRS=/etc/xdg/xdg-unity:/etc/xdg, LANG=en_US.UTF-8, XDG_SEAT_PATH=/org/freedesktop/DisplayManager/Seat0, XDG_SESSION_TYPE=x11, DISPLAY=:0, UNITY_DEFAULT_PROFILE=unity-lowgfx, LC_NAME=de_DE.UTF-8, _=/usr/bin/dbus-update-activation-environment, GDM_LANG=en_US, XDG_GREETER_DATA_DIR=/var/lib/lightdm-data/thomas, GPG_AGENT_INFO=/run/user/1000/gnupg/S.gpg-agent:0:1, DESKTOP_SESSION=unity, USER=thomas, XDG_MENU_PREFIX=gnome-, GTK_CSD=0, GIO_LAUNCHED_DESKTOP_FILE_PID=4709, QT_ACCESSIBILITY=1, LC_NUMERIC=de_DE.UTF-8, SSH_AUTH_SOCK=/run/user/1000/keyring/ssh, GNOME_SESSION_XDG_SESSION_PATH=/org/freedesktop/DisplayManager/Session0, LD_PRELOAD=libgtk3-nocsd.so.0, QSYS_ROOTDIR=/home/thomas/intelFPGA_lite/18.0/quartus/sopc_builder/bin, XDG_RUNTIME_DIR=/run/user/1000, HOME=/home/thomas}}]
22:29:58.161 [Test worker] DEBUG org.springframework.core.io.support.PathMatchingResourcePatternResolver - Resolved classpath location [io/deniffel/bot/] to resources [URL [file:/home/thomas/Projects/bot/skyBot/build/classes/java/test/io/deniffel/bot/], URL [file:/home/thomas/Projects/bot/skyBot/build/classes/java/main/io/deniffel/bot/], URL [jar:file:/home/thomas/Projects/bot/bot/build/libs/bot-1.0.jar!/io/deniffel/bot/]]
22:29:58.162 [Test worker] DEBUG org.springframework.core.io.support.PathMatchingResourcePatternResolver - Looking for matching resources in directory tree [/home/thomas/Projects/bot/skyBot/build/classes/java/test/io/deniffel/bot]
22:29:58.162 [Test worker] DEBUG org.springframework.core.io.support.PathMatchingResourcePatternResolver - Searching directory [/home/thomas/Projects/bot/skyBot/build/classes/java/test/io/deniffel/bot] for files matching pattern [/home/thomas/Projects/bot/skyBot/build/classes/java/test/io/deniffel/bot/*.class]
22:29:58.168 [Test worker] DEBUG org.springframework.core.io.support.PathMatchingResourcePatternResolver - Looking for matching resources in directory tree [/home/thomas/Projects/bot/skyBot/build/classes/java/main/io/deniffel/bot]
22:29:58.168 [Test worker] DEBUG org.springframework.core.io.support.PathMatchingResourcePatternResolver - Searching directory [/home/thomas/Projects/bot/skyBot/build/classes/java/main/io/deniffel/bot] for files matching pattern [/home/thomas/Projects/bot/skyBot/build/classes/java/main/io/deniffel/bot/*.class]
22:29:58.169 [Test worker] DEBUG org.springframework.core.io.support.PathMatchingResourcePatternResolver - Looking for matching resources in jar file [file:/home/thomas/Projects/bot/bot/build/libs/bot-1.0.jar]
22:29:58.169 [Test worker] DEBUG org.springframework.core.io.support.PathMatchingResourcePatternResolver - Resolved location pattern [classpath*:io/deniffel/bot/*.class] to resources [file [/home/thomas/Projects/bot/skyBot/build/classes/java/test/io/deniffel/bot/BotApplicationTests.class], file [/home/thomas/Projects/bot/skyBot/build/classes/java/test/io/deniffel/bot/EchoTest.class], file [/home/thomas/Projects/bot/skyBot/build/classes/java/test/io/deniffel/bot/HttpMock.class], file [/home/thomas/Projects/bot/skyBot/build/classes/java/test/io/deniffel/bot/RemoteBotRegistration.class], file [/home/thomas/Projects/bot/skyBot/build/classes/java/test/io/deniffel/bot/RemoteMessageExchange.class], file [/home/thomas/Projects/bot/skyBot/build/classes/java/test/io/deniffel/bot/RunCukesTest.class], file [/home/thomas/Projects/bot/skyBot/build/classes/java/test/io/deniffel/bot/StartupTests.class], file [/home/thomas/Projects/bot/skyBot/build/classes/java/test/io/deniffel/bot/StrangeInputs.class], file [/home/thomas/Projects/bot/skyBot/build/classes/java/test/io/deniffel/bot/SubBotTests$1.class], file [/home/thomas/Projects/bot/skyBot/build/classes/java/test/io/deniffel/bot/SubBotTests$MockBot.class], file [/home/thomas/Projects/bot/skyBot/build/classes/java/test/io/deniffel/bot/SubBotTests.class], file [/home/thomas/Projects/bot/skyBot/build/classes/java/main/io/deniffel/bot/BotApplication.class]]
22:29:58.278 [Test worker] DEBUG org.springframework.context.annotation.ClassPathScanningCandidateComponentProvider - Identified candidate component class: file [/home/thomas/Projects/bot/skyBot/build/classes/java/main/io/deniffel/bot/BotApplication.class]
22:29:58.280 [Test worker] INFO org.springframework.boot.test.context.SpringBootTestContextBootstrapper - Found @SpringBootConfiguration io.deniffel.bot.BotApplication for test class io.deniffel.bot.BotApplicationTests
22:29:58.566 [Test worker] DEBUG org.springframework.boot.test.context.SpringBootTestContextBootstrapper - @TestExecutionListeners is not present for class [io.deniffel.bot.BotApplicationTests]: using defaults.
22:29:58.567 [Test worker] INFO org.springframework.boot.test.context.SpringBootTestContextBootstrapper - Loaded default TestExecutionListener class names from location [META-INF/spring.factories]: [org.springframework.boot.test.autoconfigure.restdocs.RestDocsTestExecutionListener, org.springframework.boot.test.autoconfigure.web.client.MockRestServiceServerResetTestExecutionListener, org.springframework.boot.test.autoconfigure.web.servlet.MockMvcPrintOnlyOnFailureTestExecutionListener, org.springframework.boot.test.autoconfigure.web.servlet.WebDriverTestExecutionListener, org.springframework.boot.test.mock.mockito.MockitoTestExecutionListener, org.springframework.boot.test.mock.mockito.ResetMocksTestExecutionListener, org.springframework.test.context.web.ServletTestExecutionListener, org.springframework.test.context.support.DirtiesContextBeforeModesTestExecutionListener, org.springframework.test.context.support.DependencyInjectionTestExecutionListener, org.springframework.test.context.support.DirtiesContextTestExecutionListener, org.springframework.test.context.transaction.TransactionalTestExecutionListener, org.springframework.test.context.jdbc.SqlScriptsTestExecutionListener]
22:29:58.584 [Test worker] DEBUG org.springframework.boot.test.context.SpringBootTestContextBootstrapper - Skipping candidate TestExecutionListener [org.springframework.test.context.web.ServletTestExecutionListener] due to a missing dependency. Specify custom listener classes or make the default listener classes and their required dependencies available. Offending class: [javax/servlet/ServletContext]
22:29:58.588 [Test worker] DEBUG org.springframework.boot.test.context.SpringBootTestContextBootstrapper - Skipping candidate TestExecutionListener [org.springframework.test.context.transaction.TransactionalTestExecutionListener] due to a missing dependency. Specify custom listener classes or make the default listener classes and their required dependencies available. Offending class: [org/springframework/transaction/TransactionDefinition]
22:29:58.588 [Test worker] DEBUG org.springframework.boot.test.context.SpringBootTestContextBootstrapper - Skipping candidate TestExecutionListener [org.springframework.test.context.jdbc.SqlScriptsTestExecutionListener] due to a missing dependency. Specify custom listener classes or make the default listener classes and their required dependencies available. Offending class: [org/springframework/transaction/interceptor/TransactionAttribute]
22:29:58.589 [Test worker] INFO org.springframework.boot.test.context.SpringBootTestContextBootstrapper - Using TestExecutionListeners: [org.springframework.test.context.support.DirtiesContextBeforeModesTestExecutionListener@57f3d98, org.springframework.boot.test.mock.mockito.MockitoTestExecutionListener@744d485a, org.springframework.boot.test.autoconfigure.SpringBootDependencyInjectionTestExecutionListener@28e06246, org.springframework.test.context.support.DirtiesContextTestExecutionListener@1afa0a0e, org.springframework.boot.test.autoconfigure.restdocs.RestDocsTestExecutionListener@66957734, org.springframework.boot.test.autoconfigure.web.client.MockRestServiceServerResetTestExecutionListener@7804ec24, org.springframework.boot.test.autoconfigure.web.servlet.MockMvcPrintOnlyOnFailureTestExecutionListener@53dd5330, org.springframework.boot.test.autoconfigure.web.servlet.WebDriverTestExecutionListener@193d993f, org.springframework.boot.test.mock.mockito.ResetMocksTestExecutionListener@54dc71fb]
22:29:58.593 [Test worker] DEBUG org.springframework.test.annotation.ProfileValueUtils - Retrieved @ProfileValueSourceConfiguration [null] for test class [io.deniffel.bot.BotApplicationTests]
22:29:58.594 [Test worker] DEBUG org.springframework.test.annotation.ProfileValueUtils - Retrieved ProfileValueSource type [class org.springframework.test.annotation.SystemProfileValueSource] for class [io.deniffel.bot.BotApplicationTests]
22:29:58.594 [Test worker] DEBUG org.springframework.test.annotation.ProfileValueUtils - Retrieved @ProfileValueSourceConfiguration [null] for test class [io.deniffel.bot.BotApplicationTests]
22:29:58.594 [Test worker] DEBUG org.springframework.test.annotation.ProfileValueUtils - Retrieved ProfileValueSource type [class org.springframework.test.annotation.SystemProfileValueSource] for class [io.deniffel.bot.BotApplicationTests]
22:29:58.601 [Test worker] DEBUG org.springframework.test.context.support.AbstractDirtiesContextTestExecutionListener - Before test class: context [DefaultTestContext@3f27a11b testClass = BotApplicationTests, testInstance = [null], testMethod = [null], testException = [null], mergedContextConfiguration = [MergedContextConfiguration@3c59c345 testClass = BotApplicationTests, locations = '{}', classes = '{class io.deniffel.bot.BotApplication}', contextInitializerClasses = '[]', activeProfiles = '{}', propertySourceLocations = '{}', propertySourceProperties = '{org.springframework.boot.test.context.SpringBootTestContextBootstrapper=true}', contextCustomizers = set[org.springframework.boot.test.autoconfigure.properties.PropertyMappingContextCustomizer@0, org.springframework.boot.test.autoconfigure.web.servlet.WebDriverContextCustomizerFactory$Customizer@40513dc5, org.springframework.boot.test.context.filter.ExcludeFilterContextCustomizer@3d124cfb, org.springframework.boot.test.json.DuplicateJsonObjectContextCustomizerFactory$DuplicateJsonObjectContextCustomizer@7c24a9fa, org.springframework.boot.test.mock.mockito.MockitoContextCustomizer@0, org.springframework.boot.test.web.client.TestRestTemplateContextCustomizer@304ee5f4], contextLoader = 'org.springframework.boot.test.context.SpringBootContextLoader', parent = [null]], attributes = map[[empty]]], class annotated with @DirtiesContext [false] with mode [null].
22:29:58.601 [Test worker] DEBUG org.springframework.test.annotation.ProfileValueUtils - Retrieved @ProfileValueSourceConfiguration [null] for test class [io.deniffel.bot.BotApplicationTests]
22:29:58.602 [Test worker] DEBUG org.springframework.test.annotation.ProfileValueUtils - Retrieved ProfileValueSource type [class org.springframework.test.annotation.SystemProfileValueSource] for class [io.deniffel.bot.BotApplicationTests]
22:29:58.611 [Test worker] DEBUG org.springframework.test.context.support.DependencyInjectionTestExecutionListener - Performing dependency injection for test context [[DefaultTestContext@3f27a11b testClass = BotApplicationTests, testInstance = io.deniffel.bot.BotApplicationTests@7a875ce7, testMethod = [null], testException = [null], mergedContextConfiguration = [MergedContextConfiguration@3c59c345 testClass = BotApplicationTests, locations = '{}', classes = '{class io.deniffel.bot.BotApplication}', contextInitializerClasses = '[]', activeProfiles = '{}', propertySourceLocations = '{}', propertySourceProperties = '{org.springframework.boot.test.context.SpringBootTestContextBootstrapper=true}', contextCustomizers = set[org.springframework.boot.test.autoconfigure.properties.PropertyMappingContextCustomizer@0, org.springframework.boot.test.autoconfigure.web.servlet.WebDriverContextCustomizerFactory$Customizer@40513dc5, org.springframework.boot.test.context.filter.ExcludeFilterContextCustomizer@3d124cfb, org.springframework.boot.test.json.DuplicateJsonObjectContextCustomizerFactory$DuplicateJsonObjectContextCustomizer@7c24a9fa, org.springframework.boot.test.mock.mockito.MockitoContextCustomizer@0, org.springframework.boot.test.web.client.TestRestTemplateContextCustomizer@304ee5f4], contextLoader = 'org.springframework.boot.test.context.SpringBootContextLoader', parent = [null]], attributes = map[[empty]]]].
22:29:58.654 [Test worker] DEBUG org.springframework.core.env.StandardEnvironment - Adding PropertySource 'systemProperties' with lowest search precedence
22:29:58.655 [Test worker] DEBUG org.springframework.core.env.StandardEnvironment - Adding PropertySource 'systemEnvironment' with lowest search precedence
22:29:58.655 [Test worker] DEBUG org.springframework.core.env.StandardEnvironment - Initialized StandardEnvironment with PropertySources [MapPropertySource@1868623147 {name='systemProperties', properties={java.runtime.name=OpenJDK Runtime Environment, sun.boot.library.path=/usr/lib/jvm/java-8-openjdk-amd64/jre/lib/amd64, java.vm.version=25.171-b11, java.vm.vendor=Oracle Corporation, java.vendor.url=http://java.oracle.com/, path.separator=:, java.vm.name=OpenJDK 64-Bit Server VM, file.encoding.pkg=sun.io, sun.java.launcher=SUN_STANDARD, user.country=US, sun.os.patch.level=unknown, java.vm.specification.name=Java Virtual Machine Specification, user.dir=/home/thomas/Projects/bot/skyBot, java.runtime.version=1.8.0_171-8u171-b11-0ubuntu0.18.04.1-b11, java.awt.graphicsenv=sun.awt.X11GraphicsEnvironment, java.endorsed.dirs=/usr/lib/jvm/java-8-openjdk-amd64/jre/lib/endorsed, os.arch=amd64, java.io.tmpdir=/tmp, line.separator=
, java.vm.specification.vendor=Oracle Corporation, user.variant=, os.name=Linux, sun.jnu.encoding=UTF-8, java.library.path=/usr/java/packages/lib/amd64:/usr/lib/x86_64-linux-gnu/jni:/lib/x86_64-linux-gnu:/usr/lib/x86_64-linux-gnu:/usr/lib/jni:/lib:/usr/lib, java.specification.name=Java Platform API Specification, java.class.version=52.0, org.gradle.native=false, sun.management.compiler=HotSpot 64-Bit Tiered Compilers, os.version=4.15.0-30-generic, user.home=/home/thomas, user.timezone=Europe/Berlin, java.awt.printerjob=sun.print.PSPrinterJob, file.encoding=UTF-8, java.specification.version=1.8, java.class.path=/home/thomas/Projects/bot/skyBot/build/classes/java/test:/home/thomas/Projects/bot/skyBot/build/resources/test:/home/thomas/Projects/bot/skyBot/build/classes/java/main:/home/thomas/Projects/bot/skyBot/build/resources/main:/home/thomas/.gradle/caches/modules-2/files-2.1/org.springframework.boot/spring-boot-starter-test/2.0.4.RELEASE/8f473705d2742b669f0318f10a956f94a93ba3d2/spring-boot-starter-test-2.0.4.RELEASE.jar:/home/thomas/.gradle/caches/modules-2/files-2.1/org.springframework.boot/spring-boot-starter/2.0.4.RELEASE/ec46c63a2adeee40058eff1a6baefca13975dc94/spring-boot-starter-2.0.4.RELEASE.jar:/home/thomas/Projects/bot/bot/build/libs/bot-1.0.jar:/home/thomas/.gradle/caches/modules-2/files-2.1/io.cucumber/cucumber-junit/3.0.2/bc0bf60bedc0680185aa80b024666986895181ac/cucumber-junit-3.0.2.jar:/home/thomas/.gradle/caches/modules-2/files-2.1/junit/junit/4.12/2973d150c0dc1fefe998f834810d68f278ea58ec/junit-4.12.jar:/home/thomas/.gradle/caches/modules-2/files-2.1/io.cucumber/cucumber-java/3.0.2/6b1790c541528f8b3a47cb7f87aa8125c3139ef0/cucumber-java-3.0.2.jar:/home/thomas/.gradle/caches/modules-2/files-2.1/org.springframework.boot/spring-boot-test-autoconfigure/2.0.4.RELEASE/8a2e3f31e607fdb08deda2f59263ce177f1c4310/spring-boot-test-autoconfigure-2.0.4.RELEASE.jar:/home/thomas/.gradle/caches/modules-2/files-2.1/org.springframework.boot/spring-boot-autoconfigure/2.0.4.RELEASE/65cd1244d606acc02ab7bfc47a203a3fe2400dda/spring-boot-autoconfigure-2.0.4.RELEASE.jar:/home/thomas/.gradle/caches/modules-2/files-2.1/org.springframework.boot/spring-boot-test/2.0.4.RELEASE/8a17fc3cf16b6d75f2ba132ade04409a670095de/spring-boot-test-2.0.4.RELEASE.jar:/home/thomas/.gradle/caches/modules-2/files-2.1/org.springframework.boot/spring-boot/2.0.4.RELEASE/c8619c5b06d4dcdb4cac1e5e9c839e6e8b1c8574/spring-boot-2.0.4.RELEASE.jar:/home/thomas/.gradle/caches/modules-2/files-2.1/org.springframework.boot/spring-boot-starter-logging/2.0.4.RELEASE/dcd1a2c431c970f44adae64d9145133979a513ab/spring-boot-starter-logging-2.0.4.RELEASE.jar:/home/thomas/.gradle/caches/modules-2/files-2.1/javax.annotation/javax.annotation-api/1.3.2/934c04d3cfef185a8008e7bf34331b79730a9d43/javax.annotation-api-1.3.2.jar:/home/thomas/.gradle/caches/modules-2/files-2.1/org.springframework/spring-test/5.0.8.RELEASE/5782619373bd7e7b7d9106203c317b04bb613ebb/spring-test-5.0.8.RELEASE.jar:/home/thomas/.gradle/caches/modules-2/files-2.1/org.springframework/spring-context/5.0.8.RELEASE/3a067d8990761111c9b6d1d895640be26cc1fb38/spring-context-5.0.8.RELEASE.jar:/home/thomas/.gradle/caches/modules-2/files-2.1/org.springframework/spring-aop/5.0.8.RELEASE/f5086c1a3185c481104511837427b39a07a57aa2/spring-aop-5.0.8.RELEASE.jar:/home/thomas/.gradle/caches/modules-2/files-2.1/org.springframework/spring-beans/5.0.8.RELEASE/5fc965d3e7f5515099244857a8ae9e2a208c169b/spring-beans-5.0.8.RELEASE.jar:/home/thomas/.gradle/caches/modules-2/files-2.1/org.springframework/spring-expression/5.0.8.RELEASE/f23158f22c917df2cddf2ecebc398a9e95f95fae/spring-expression-5.0.8.RELEASE.jar:/home/thomas/.gradle/caches/modules-2/files-2.1/org.springframework/spring-core/5.0.8.RELEASE/dc39c49e3246cdf73d3786ac41119140aed3fa08/spring-core-5.0.8.RELEASE.jar:/home/thomas/.gradle/caches/modules-2/files-2.1/org.yaml/snakeyaml/1.19/2d998d3d674b172a588e54ab619854d073f555b5/snakeyaml-1.19.jar:/home/thomas/.gradle/caches/modules-2/files-2.1/org.hamcrest/hamcrest-library/1.3/4785a3c21320980282f9f33d0d1264a69040538f/hamcrest-library-1.3.jar:/home/thomas/.gradle/caches/modules-2/files-2.1/org.hamcrest/hamcrest-core/1.3/42a25dc3219429f0e5d060061f71acb49bf010a0/hamcrest-core-1.3.jar:/home/thomas/.gradle/caches/modules-2/files-2.1/com.jayway.jsonpath/json-path/2.4.0/765a4401ceb2dc8d40553c2075eb80a8fa35c2ae/json-path-2.4.0.jar:/home/thomas/.gradle/caches/modules-2/files-2.1/org.assertj/assertj-core/3.9.1/c5ce126b15f28d56cd8f960c1a6a058b9c9aea87/assertj-core-3.9.1.jar:/home/thomas/.gradle/caches/modules-2/files-2.1/org.mockito/mockito-core/2.15.0/b84bfbbc29cd22c9529409627af6ea2897f4fa85/mockito-core-2.15.0.jar:/home/thomas/.gradle/caches/modules-2/files-2.1/org.skyscreamer/jsonassert/1.5.0/6c9d5fe2f59da598d9aefc1cfc6528ff3cf32df3/jsonassert-1.5.0.jar:/home/thomas/.gradle/caches/modules-2/files-2.1/org.xmlunit/xmlunit-core/2.5.1/4ffdb346572a7356f7521cd3119ce5287d2e339d/xmlunit-core-2.5.1.jar:/home/thomas/.gradle/caches/modules-2/files-2.1/io.cucumber/cucumber-core/3.0.2/e0135107f8001967938a12feff37636cb2ca18d8/cucumber-core-3.0.2.jar:/home/thomas/.gradle/caches/modules-2/files-2.1/ch.qos.logback/logback-classic/1.2.3/7c4f3c474fb2c041d8028740440937705ebb473a/logback-classic-1.2.3.jar:/home/thomas/.gradle/caches/modules-2/files-2.1/org.apache.logging.log4j/log4j-to-slf4j/2.10.0/f7e631ccf49cfc0aefa4a2a728da7d374c05bd3c/log4j-to-slf4j-2.10.0.jar:/home/thomas/.gradle/caches/modules-2/files-2.1/org.slf4j/jul-to-slf4j/1.7.25/af5364cd6679bfffb114f0dec8a157aaa283b76/jul-to-slf4j-1.7.25.jar:/home/thomas/.gradle/caches/modules-2/files-2.1/org.springframework/spring-jcl/5.0.8.RELEASE/a1fa8fb560fb252321776e16bc9ac8201af4ef5e/spring-jcl-5.0.8.RELEASE.jar:/home/thomas/.gradle/caches/modules-2/files-2.1/net.minidev/json-smart/2.3/7396407491352ce4fa30de92efb158adb76b5b/json-smart-2.3.jar:/home/thomas/.gradle/caches/modules-2/files-2.1/org.slf4j/slf4j-api/1.7.25/da76ca59f6a57ee3102f8f9bd9cee742973efa8a/slf4j-api-1.7.25.jar:/home/thomas/.gradle/caches/modules-2/files-2.1/net.bytebuddy/byte-buddy/1.7.11/f02857a4e2c66ccbe7aaad6100a0a6c461bce9b3/byte-buddy-1.7.11.jar:/home/thomas/.gradle/caches/modules-2/files-2.1/net.bytebuddy/byte-buddy-agent/1.7.11/b425a8933ca07edd03c6dbc8bc3b595fba9780de/byte-buddy-agent-1.7.11.jar:/home/thomas/.gradle/caches/modules-2/files-2.1/org.objenesis/objenesis/2.6/639033469776fd37c08358c6b92a4761feb2af4b/objenesis-2.6.jar:/home/thomas/.gradle/caches/modules-2/files-2.1/com.vaadin.external.google/android-json/0.0.20131108.vaadin1/fa26d351fe62a6a17f5cda1287c1c6110dec413f/android-json-0.0.20131108.vaadin1.jar:/home/thomas/.gradle/caches/modules-2/files-2.1/io.cucumber/cucumber-html/0.2.7/5fece7636c0fb0587d8a032a15f96e1ecbe969c0/cucumber-html-0.2.7.jar:/home/thomas/.gradle/caches/modules-2/files-2.1/io.cucumber/gherkin/5.0.0/a05c7dd957349d6ce3908771aa5414cb15777eb7/gherkin-5.0.0.jar:/home/thomas/.gradle/caches/modules-2/files-2.1/io.cucumber/tag-expressions/1.1.1/a5cfcf43577aae5d314af5438459c2af659a1245/tag-expressions-1.1.1.jar:/home/thomas/.gradle/caches/modules-2/files-2.1/io.cucumber/cucumber-expressions/5.0.19/1de4713e86d913f716f1634016eabb06cf3d46fe/cucumber-expressions-5.0.19.jar:/home/thomas/.gradle/caches/modules-2/files-2.1/io.cucumber/datatable/1.0.3/ee455354f436561a9562d6eb882d014beb9fe542/datatable-1.0.3.jar:/home/thomas/.gradle/caches/modules-2/files-2.1/ch.qos.logback/logback-core/1.2.3/864344400c3d4d92dfeb0a305dc87d953677c03c/logback-core-1.2.3.jar:/home/thomas/.gradle/caches/modules-2/files-2.1/org.apache.logging.log4j/log4j-api/2.10.0/fec5797a55b786184a537abd39c3fa1449d752d6/log4j-api-2.10.0.jar:/home/thomas/.gradle/caches/modules-2/files-2.1/net.minidev/accessors-smart/1.2/c592b500269bfde36096641b01238a8350f8aa31/accessors-smart-1.2.jar:/home/thomas/.gradle/caches/modules-2/files-2.1/io.cucumber/datatable-dependencies/1.0.3/d57501b70c5dd708a1317291cec73caedbb30267/datatable-dependencies-1.0.3.jar:/home/thomas/.gradle/caches/modules-2/files-2.1/org.ow2.asm/asm/5.0.4/da08b8cce7bbf903602a25a3a163ae252435795/asm-5.0.4.jar, user.name=thomas, java.vm.specification.version=1.8, sun.java.command=worker.org.gradle.process.internal.worker.GradleWorkerMain 'Gradle Test Executor 24', java.home=/usr/lib/jvm/java-8-openjdk-amd64/jre, sun.arch.data.model=64, user.language=en, java.specification.vendor=Oracle Corporation, awt.toolkit=sun.awt.X11.XToolkit, java.vm.info=mixed mode, java.version=1.8.0_171, java.ext.dirs=/usr/lib/jvm/java-8-openjdk-amd64/jre/lib/ext:/usr/java/packages/lib/ext, sun.boot.class.path=/usr/lib/jvm/java-8-openjdk-amd64/jre/lib/resources.jar:/usr/lib/jvm/java-8-openjdk-amd64/jre/lib/rt.jar:/usr/lib/jvm/java-8-openjdk-amd64/jre/lib/sunrsasign.jar:/usr/lib/jvm/java-8-openjdk-amd64/jre/lib/jsse.jar:/usr/lib/jvm/java-8-openjdk-amd64/jre/lib/jce.jar:/usr/lib/jvm/java-8-openjdk-amd64/jre/lib/charsets.jar:/usr/lib/jvm/java-8-openjdk-amd64/jre/lib/jfr.jar:/usr/lib/jvm/java-8-openjdk-amd64/jre/classes, java.vendor=Oracle Corporation, org.gradle.test.worker=24, file.separator=/, java.vendor.url.bug=http://bugreport.sun.com/bugreport/, sun.io.unicode.encoding=UnicodeLittle, sun.cpu.endian=little, sun.desktop=gnome, sun.cpu.isalist=}}, SystemEnvironmentPropertySource@1440877320 {name='systemEnvironment', properties={PATH=/home/thomas/bin:/usr/local/sbin:/usr/local/bin:/usr/sbin:/usr/bin:/sbin:/bin:/usr/games:/usr/local/games:/snap/bin:/usr/local/go/bin, LC_MEASUREMENT=de_DE.UTF-8, XAUTHORITY=/home/thomas/.Xauthority, INVOCATION_ID=3e9d1ea3f4e64941ad5dfca3c1b11f89, LC_TELEPHONE=de_DE.UTF-8, XMODIFIERS=@im=ibus, XDG_DATA_DIRS=/usr/share/unity:/usr/local/share:/usr/share:/var/lib/snapd/desktop, MANDATORY_PATH=/usr/share/gconf/unity.mandatory.path, GDMSESSION=unity, LC_TIME=de_DE.UTF-8, PAPERSIZE=a4, TEXTDOMAINDIR=/usr/share/locale/, GTK_IM_MODULE=ibus, DBUS_SESSION_BUS_ADDRESS=unix:path=/run/user/1000/bus, DEFAULTS_PATH=/usr/share/gconf/unity.default.path, XDG_CURRENT_DESKTOP=Unity:Unity7:ubuntu, JOURNAL_STREAM=9:44656, QT4_IM_MODULE=xim, LC_PAPER=de_DE.UTF-8, SESSION_MANAGER=local/thomas-skytala:@/tmp/.ICE-unix/3671,unix/thomas-skytala:/tmp/.ICE-unix/3671, LOGNAME=thomas, PWD=/home/thomas, MANAGERPID=3372, IM_CONFIG_PHASE=2, S_COLORS=auto, LANGUAGE=en_US:en, SHELL=/bin/bash, LC_ADDRESS=de_DE.UTF-8, UNITY_HAS_3D_SUPPORT=true, GIO_LAUNCHED_DESKTOP_FILE=/home/thomas/.local/share/applications/jetbrains-idea.desktop, GTK2_MODULES=overlay-scrollbar, OLDPWD=/home/thomas/bin/idea/idea-IU-173.4301.25/bin, GNOME_DESKTOP_SESSION_ID=this-is-deprecated, GTK_MODULES=gail:atk-bridge:unity-gtk-module, CLUTTER_IM_MODULE=xim, XDG_SESSION_PATH=/org/freedesktop/DisplayManager/Session0, TEXTDOMAIN=im-config, COMPIZ_BIN_PATH=/usr/bin/, XDG_SESSION_DESKTOP=unity, SSH_AGENT_LAUNCHER=gnome-keyring, SHLVL=1, LC_IDENTIFICATION=de_DE.UTF-8, LC_MONETARY=de_DE.UTF-8, COMPIZ_CONFIG_PROFILE=ubuntu, QT_IM_MODULE=ibus, XDG_CONFIG_DIRS=/etc/xdg/xdg-unity:/etc/xdg, LANG=en_US.UTF-8, XDG_SEAT_PATH=/org/freedesktop/DisplayManager/Seat0, XDG_SESSION_TYPE=x11, DISPLAY=:0, UNITY_DEFAULT_PROFILE=unity-lowgfx, LC_NAME=de_DE.UTF-8, _=/usr/bin/dbus-update-activation-environment, GDM_LANG=en_US, XDG_GREETER_DATA_DIR=/var/lib/lightdm-data/thomas, GPG_AGENT_INFO=/run/user/1000/gnupg/S.gpg-agent:0:1, DESKTOP_SESSION=unity, USER=thomas, XDG_MENU_PREFIX=gnome-, GTK_CSD=0, GIO_LAUNCHED_DESKTOP_FILE_PID=4709, QT_ACCESSIBILITY=1, LC_NUMERIC=de_DE.UTF-8, SSH_AUTH_SOCK=/run/user/1000/keyring/ssh, GNOME_SESSION_XDG_SESSION_PATH=/org/freedesktop/DisplayManager/Session0, LD_PRELOAD=libgtk3-nocsd.so.0, QSYS_ROOTDIR=/home/thomas/intelFPGA_lite/18.0/quartus/sopc_builder/bin, XDG_RUNTIME_DIR=/run/user/1000, HOME=/home/thomas}}]
22:29:58.658 [Test worker] DEBUG org.springframework.test.context.support.TestPropertySourceUtils - Adding inlined properties to environment: {spring.jmx.enabled=false, org.springframework.boot.test.context.SpringBootTestContextBootstrapper=true, server.port=-1}
22:29:58.659 [Test worker] DEBUG org.springframework.core.env.StandardEnvironment - Adding PropertySource 'Inlined Test Properties' with highest search precedence
+--------+
| SkyBot | Created by Thomas Deniffel
+--------+
2018-08-17 22:29:59.159  INFO 30142 --- [    Test worker] io.deniffel.bot.BotApplicationTests      : Starting BotApplicationTests on thomas-skytala with PID 30142 (started by thomas in /home/thomas/Projects/bot/skyBot)
2018-08-17 22:29:59.164  INFO 30142 --- [    Test worker] io.deniffel.bot.BotApplicationTests      : No active profile set, falling back to default profiles: default
2018-08-17 22:29:59.199  INFO 30142 --- [    Test worker] s.c.a.AnnotationConfigApplicationContext : Refreshing org.springframework.context.annotation.AnnotationConfigApplicationContext@77c01dc3: startup date [Fri Aug 17 22:29:59 CEST 2018]; root of context hierarchy
2018-08-17 22:29:59.873  INFO 30142 --- [    Test worker] io.deniffel.bot.BotApplicationTests      : Started BotApplicationTests in 1.209 seconds (JVM running for 3.035)
]]></system-out>
  <system-err><![CDATA[]]></system-err>
</testsuite>
