<?xml version="1.0" encoding="UTF-8"?>
<testsuite name="io.deniffel.bot.RemoteBotRegistration" tests="4" skipped="0" failures="0" errors="0" timestamp="2018-08-21T06:53:11" hostname="thomas-skytala" time="0.003">
  <properties/>
  <testcase name="registrationNull_doesNotAdd" classname="io.deniffel.bot.RemoteBotRegistration" time="0.0"/>
  <testcase name="registrationWithEmptyUrl_doesNotAdd" classname="io.deniffel.bot.RemoteBotRegistration" time="0.001"/>
  <testcase name="firstRegistrationRequest_remoteBotIsRegistered" classname="io.deniffel.bot.RemoteBotRegistration" time="0.0"/>
  <testcase name="registrationWithNullAsUrl_doesNotAdd" classname="io.deniffel.bot.RemoteBotRegistration" time="0.001"/>
  <system-out><![CDATA[]]></system-out>
  <system-err><![CDATA[]]></system-err>
</testsuite>
