<?xml version="1.0" encoding="UTF-8"?>
<testsuite name="io.deniffel.bot.StrangeInputs" tests="2" skipped="0" failures="0" errors="0" timestamp="2018-08-18T12:00:40" hostname="thomas-skytala" time="0.001">
  <properties/>
  <testcase name="emptyString_noResponse" classname="io.deniffel.bot.StrangeInputs" time="0.001"/>
  <testcase name="null_noResponse" classname="io.deniffel.bot.StrangeInputs" time="0.0"/>
  <system-out><![CDATA[]]></system-out>
  <system-err><![CDATA[]]></system-err>
</testsuite>
