<?xml version="1.0" encoding="UTF-8"?>
<testsuite name="io.deniffel.bot.StartupTests" tests="1" skipped="0" failures="0" errors="0" timestamp="2018-08-17T19:24:56" hostname="thomas-skytala" time="0.298">
  <properties/>
  <testcase name="applicationStartswithin5Seconds" classname="io.deniffel.bot.StartupTests" time="0.298"/>
  <system-out><![CDATA[+--------+
| SkyBot | Created by Thomas Deniffel
+--------+
2018-08-17 21:24:56.282  INFO 23659 --- [       Thread-7] io.deniffel.bot.BotApplication           : Starting BotApplication on thomas-skytala with PID 23659 (/home/thomas/Projects/bot/skyBot/build/classes/java/main started by thomas in /home/thomas/Projects/bot/skyBot)
2018-08-17 21:24:56.283  INFO 23659 --- [       Thread-7] io.deniffel.bot.BotApplication           : No active profile set, falling back to default profiles: default
2018-08-17 21:24:56.286  INFO 23659 --- [       Thread-7] s.c.a.AnnotationConfigApplicationContext : Refreshing org.springframework.context.annotation.AnnotationConfigApplicationContext@23e8e5d0: startup date [Fri Aug 17 21:24:56 CEST 2018]; root of context hierarchy
2018-08-17 21:24:56.550  INFO 23659 --- [       Thread-7] o.s.j.e.a.AnnotationMBeanExporter        : Registering beans for JMX exposure on startup
2018-08-17 21:24:56.559  INFO 23659 --- [       Thread-7] io.deniffel.bot.BotApplication           : Started BotApplication in 0.294 seconds (JVM running for 3.524)
]]></system-out>
  <system-err><![CDATA[]]></system-err>
</testsuite>
